<?xml version="1.0" encoding="UTF-8" ?>
<testsuite tests="3" failures="0" name="com.twogrit.learning.com.twogrit.learning.design_pattern.compound.DecoyDuckTest" time="0.005" errors="0" skipped="0">
  <properties>
[...]
</properties>
  <testcase classname="com.twogrit.learning.com.twogrit.learning.design_pattern.compound.DecoyDuckTest" name="testPerformQuack" time="0"/>
  <testcase classname="com.twogrit.learning.com.twogrit.learning.design_pattern.compound.DecoyDuckTest" name="testPerFormFlyWhenSetRock" time="0.001"/>
  <testcase classname="com.twogrit.learning.com.twogrit.learning.design_pattern.compound.DecoyDuckTest" name="testPerformFly" time="0.001"/>
</testsuite>